<?xml version="1.0" encoding="UTF-8"?>
<testsuite xmlns:xsi="http://www.w3.org/2001/XMLSchema-instance" xsi:noNamespaceSchemaLocation="https://maven.apache.org/surefire/maven-surefire-plugin/xsd/surefire-test-report-3.0.xsd" version="3.0" name="com.example.AppTest" time="0.064" tests="5" errors="0" skipped="0" failures="0">
  <properties>
[...]
</properties>
  <testcase name="test_Create_Query_Exist" classname="com.example.AppTest" time="0.029"/>
  <testcase name="test_Util_Folder_Exist" classname="com.example.AppTest" time="0.003"/>
  <testcase name="test_Delete_Query_Exist" classname="com.example.AppTest" time="0.002"/>
  <testcase name="test_Check_Method_Exist" classname="com.example.AppTest" time="0.004"/>
  <testcase name="test_Util_File_Exist" classname="com.example.AppTest" time="0.001"/>
</testsuite>